2012/01/16 15:37:27 [error] [exception.CException] exception 'CException' with message 'Property "CMenu.0" is not defined.' in /phpjob/askbox/yii/framework/base/CComponent.php:174
Stack trace:
#0 /phpjob/askbox/yii/framework/web/CWidgetFactory.php(162): CComponent->__set('0', Array)
#1 /phpjob/askbox/yii/framework/web/CBaseController.php(139): CWidgetFactory->createWidget(Object(SiteController), 'zii.widgets.CMe...', Array)
#2 /phpjob/askbox/yii/framework/web/CBaseController.php(165): CBaseController->createWidget('zii.widgets.CMe...', Array)
#3 /phpjob/askbox/protected/views/layouts/main.php(39): CBaseController->widget('zii.widgets.CMe...', Array)
#4 /phpjob/askbox/yii/framework/web/CBaseController.php(119): require('/phpjob/askbox/...')
#5 /phpjob/askbox/yii/framework/web/CBaseController.php(88): CBaseController->renderInternal('/phpjob/askbox/...', Array, true)
#6 /phpjob/askbox/yii/framework/web/widgets/CContentDecorator.php(78): CBaseController->renderFile('/phpjob/askbox/...', Array, true)
#7 /phpjob/askbox/yii/framework/web/widgets/CContentDecorator.php(56): CContentDecorator->decorate('<div class="con...')
#8 /phpjob/askbox/yii/framework/web/widgets/COutputProcessor.php(45): CContentDecorator->processOutput('<div class="con...')
#9 /phpjob/askbox/yii/framework/web/CBaseController.php(199): COutputProcessor->run()
#10 /phpjob/askbox/yii/framework/web/CBaseController.php(294): CBaseController->endWidget('CContentDecorat...')
#11 /phpjob/askbox/protected/views/layouts/column1.php(7): CBaseController->endContent()
#12 /phpjob/askbox/yii/framework/web/CBaseController.php(119): require('/phpjob/askbox/...')
#13 /phpjob/askbox/yii/framework/web/CBaseController.php(88): CBaseController->renderInternal('/phpjob/askbox/...', Array, true)
#14 /phpjob/askbox/yii/framework/web/CController.php(781): CBaseController->renderFile('/phpjob/askbox/...', Array, true)
#15 /phpjob/askbox/protected/controllers/SiteController.php(32): CController->render('index')
#16 /phpjob/askbox/yii/framework/web/actions/CInlineAction.php(50): SiteController->actionIndex()
#17 /phpjob/askbox/yii/framework/web/CController.php(300): CInlineAction->runWithParams(Array)
#18 /phpjob/askbox/yii/framework/web/CController.php(278): CController->runAction(Object(CInlineAction))
#19 /phpjob/askbox/yii/framework/web/CController.php(257): CController->runActionWithFilters(Object(CInlineAction), Array)
#20 /phpjob/askbox/yii/framework/web/CWebApplication.php(277): CController->run('')
#21 /phpjob/askbox/yii/framework/web/CWebApplication.php(136): CWebApplication->runController('')
#22 /phpjob/askbox/yii/framework/base/CApplication.php(158): CWebApplication->processRequest()
#23 /phpjob/askbox/index.php(13): CApplication->run()
#24 {main} REQUEST_URI=/askbox/
2012/01/17 00:36:33 [error] [exception.CDbException] exception 'CDbException' with message 'CDbConnection failed to open the DB connection: SQLSTATE[42000] [1049] Unknown database 'blog'' in /phpjob/askbox/yii/framework/db/CDbConnection.php:364
Stack trace:
#0 /phpjob/askbox/yii/framework/db/CDbConnection.php(313): CDbConnection->open()
#1 /phpjob/askbox/yii/framework/db/CDbConnection.php(291): CDbConnection->setActive(true)
#2 /phpjob/askbox/yii/framework/base/CModule.php(372): CDbConnection->init()
#3 /phpjob/askbox/yii/framework/base/CModule.php(86): CModule->getComponent('db')
#4 /phpjob/askbox/yii/framework/gii/generators/model/ModelCode.php(54): CModule->__get('db')
#5 /phpjob/askbox/yii/framework/web/CFormModel.php(40): ModelCode->init()
#6 /phpjob/askbox/yii/framework/gii/CCodeGenerator.php(149): CFormModel->__construct()
#7 /phpjob/askbox/yii/framework/gii/CCodeGenerator.php(61): CCodeGenerator->prepare()
#8 /phpjob/askbox/yii/framework/web/actions/CInlineAction.php(50): CCodeGenerator->actionIndex()
#9 /phpjob/askbox/yii/framework/web/CController.php(300): CInlineAction->runWithParams(Array)
#10 /phpjob/askbox/yii/framework/web/CController.php(278): CController->runAction(Object(CInlineAction))
#11 /phpjob/askbox/yii/framework/web/CController.php(257): CController->runActionWithFilters(Object(CInlineAction), Array)
#12 /phpjob/askbox/yii/framework/web/CWebApplication.php(277): CController->run('')
#13 /phpjob/askbox/yii/framework/web/CWebApplication.php(136): CWebApplication->runController('gii/model')
#14 /phpjob/askbox/yii/framework/base/CApplication.php(158): CWebApplication->processRequest()
#15 /phpjob/askbox/index.php(13): CApplication->run()
#16 {main} REQUEST_URI=/askbox/index.php?r=gii/model
2012/01/17 01:09:20 [error] [exception.CHttpException.404] exception 'CHttpException' with message 'The system is unable to find the requested action "ask".' in /phpjob/askbox/yii/framework/web/CController.php:477
Stack trace:
#0 /phpjob/askbox/yii/framework/web/CController.php(262): CController->missingAction('ask')
#1 /phpjob/askbox/yii/framework/web/CWebApplication.php(277): CController->run('ask')
#2 /phpjob/askbox/yii/framework/web/CWebApplication.php(136): CWebApplication->runController('site/ask')
#3 /phpjob/askbox/yii/framework/base/CApplication.php(158): CWebApplication->processRequest()
#4 /phpjob/askbox/index.php(13): CApplication->run()
#5 {main} REQUEST_URI=/askbox/index.php?r=site/ask&view=about
2012/01/17 01:09:21 [error] [exception.CHttpException.404] exception 'CHttpException' with message 'The system is unable to find the requested action "box".' in /phpjob/askbox/yii/framework/web/CController.php:477
Stack trace:
#0 /phpjob/askbox/yii/framework/web/CController.php(262): CController->missingAction('box')
#1 /phpjob/askbox/yii/framework/web/CWebApplication.php(277): CController->run('box')
#2 /phpjob/askbox/yii/framework/web/CWebApplication.php(136): CWebApplication->runController('site/box')
#3 /phpjob/askbox/yii/framework/base/CApplication.php(158): CWebApplication->processRequest()
#4 /phpjob/askbox/index.php(13): CApplication->run()
#5 {main} REQUEST_URI=/askbox/index.php?r=site/box&view=about
2012/01/17 01:12:29 [error] [exception.CHttpException.404] exception 'CHttpException' with message 'The system is unable to find the requested action "ask".' in /phpjob/askbox/yii/framework/web/CController.php:477
Stack trace:
#0 /phpjob/askbox/yii/framework/web/CController.php(262): CController->missingAction('ask')
#1 /phpjob/askbox/yii/framework/web/CWebApplication.php(277): CController->run('ask')
#2 /phpjob/askbox/yii/framework/web/CWebApplication.php(136): CWebApplication->runController('site/ask')
#3 /phpjob/askbox/yii/framework/base/CApplication.php(158): CWebApplication->processRequest()
#4 /phpjob/askbox/index.php(13): CApplication->run()
#5 {main} REQUEST_URI=/askbox/index.php?r=site/ask&view=about
2012/01/17 01:12:30 [error] [exception.CHttpException.404] exception 'CHttpException' with message 'The system is unable to find the requested action "box".' in /phpjob/askbox/yii/framework/web/CController.php:477
Stack trace:
#0 /phpjob/askbox/yii/framework/web/CController.php(262): CController->missingAction('box')
#1 /phpjob/askbox/yii/framework/web/CWebApplication.php(277): CController->run('box')
#2 /phpjob/askbox/yii/framework/web/CWebApplication.php(136): CWebApplication->runController('site/box')
#3 /phpjob/askbox/yii/framework/base/CApplication.php(158): CWebApplication->processRequest()
#4 /phpjob/askbox/index.php(13): CApplication->run()
#5 {main} REQUEST_URI=/askbox/index.php?r=site/box&view=about
2012/01/17 01:12:31 [error] [exception.CHttpException.404] exception 'CHttpException' with message 'The system is unable to find the requested action "box".' in /phpjob/askbox/yii/framework/web/CController.php:477
Stack trace:
#0 /phpjob/askbox/yii/framework/web/CController.php(262): CController->missingAction('box')
#1 /phpjob/askbox/yii/framework/web/CWebApplication.php(277): CController->run('box')
#2 /phpjob/askbox/yii/framework/web/CWebApplication.php(136): CWebApplication->runController('site/box')
#3 /phpjob/askbox/yii/framework/base/CApplication.php(158): CWebApplication->processRequest()
#4 /phpjob/askbox/index.php(13): CApplication->run()
#5 {main} REQUEST_URI=/askbox/index.php?r=site/box&view=about
2012/01/17 01:12:33 [error] [exception.CHttpException.404] exception 'CHttpException' with message 'The system is unable to find the requested action "box".' in /phpjob/askbox/yii/framework/web/CController.php:477
Stack trace:
#0 /phpjob/askbox/yii/framework/web/CController.php(262): CController->missingAction('box')
#1 /phpjob/askbox/yii/framework/web/CWebApplication.php(277): CController->run('box')
#2 /phpjob/askbox/yii/framework/web/CWebApplication.php(136): CWebApplication->runController('site/box')
#3 /phpjob/askbox/yii/framework/base/CApplication.php(158): CWebApplication->processRequest()
#4 /phpjob/askbox/index.php(13): CApplication->run()
#5 {main} REQUEST_URI=/askbox/index.php?r=site/box&view=about
2012/01/17 01:12:34 [error] [exception.CHttpException.404] exception 'CHttpException' with message 'The system is unable to find the requested action "ask".' in /phpjob/askbox/yii/framework/web/CController.php:477
Stack trace:
#0 /phpjob/askbox/yii/framework/web/CController.php(262): CController->missingAction('ask')
#1 /phpjob/askbox/yii/framework/web/CWebApplication.php(277): CController->run('ask')
#2 /phpjob/askbox/yii/framework/web/CWebApplication.php(136): CWebApplication->runController('site/ask')
#3 /phpjob/askbox/yii/framework/base/CApplication.php(158): CWebApplication->processRequest()
#4 /phpjob/askbox/index.php(13): CApplication->run()
#5 {main} REQUEST_URI=/askbox/index.php?r=site/ask&view=about
2012/01/17 01:12:35 [error] [exception.CHttpException.404] exception 'CHttpException' with message 'The system is unable to find the requested action "ask".' in /phpjob/askbox/yii/framework/web/CController.php:477
Stack trace:
#0 /phpjob/askbox/yii/framework/web/CController.php(262): CController->missingAction('ask')
#1 /phpjob/askbox/yii/framework/web/CWebApplication.php(277): CController->run('ask')
#2 /phpjob/askbox/yii/framework/web/CWebApplication.php(136): CWebApplication->runController('site/ask')
#3 /phpjob/askbox/yii/framework/base/CApplication.php(158): CWebApplication->processRequest()
#4 /phpjob/askbox/index.php(13): CApplication->run()
#5 {main} REQUEST_URI=/askbox/index.php?r=site/ask&view=about
2012/01/17 01:12:35 [error] [exception.CHttpException.404] exception 'CHttpException' with message 'The system is unable to find the requested action "box".' in /phpjob/askbox/yii/framework/web/CController.php:477
Stack trace:
#0 /phpjob/askbox/yii/framework/web/CController.php(262): CController->missingAction('box')
#1 /phpjob/askbox/yii/framework/web/CWebApplication.php(277): CController->run('box')
#2 /phpjob/askbox/yii/framework/web/CWebApplication.php(136): CWebApplication->runController('site/box')
#3 /phpjob/askbox/yii/framework/base/CApplication.php(158): CWebApplication->processRequest()
#4 /phpjob/askbox/index.php(13): CApplication->run()
#5 {main} REQUEST_URI=/askbox/index.php?r=site/box&view=about
